  Student.cpp
h:\studing\course2\course\course\student.cpp(29): warning C4018: '<': signed/unsigned mismatch
h:\studing\course2\course\course\student.cpp(32): warning C4018: '<': signed/unsigned mismatch
h:\studing\course2\course\course\student.cpp(69): warning C4101: 'avg': unreferenced local variable
h:\studing\course2\course\course\student.cpp(99): warning C4018: '<': signed/unsigned mismatch
h:\studing\course2\course\course\student.cpp(150): warning C4244: '+=': conversion from 'double' to '_Ty2', possible loss of data
          with
          [
              _Ty2=float
          ]
c:\program files (x86)\microsoft visual studio\2017\community\vc\tools\msvc\14.16.27023\include\utility(172): warning C4244: 'initializing': conversion from '_Ty' to '_Ty1', possible loss of data
          with
          [
              _Ty=int
          ]
          and
          [
              _Ty1=float
          ]
  h:\studing\course2\course\course\header.h(39): note: see reference to function template instantiation 'std::pair<float,float>::pair<int,double,0>(_Other1 &&,_Other2 &&) noexcept' being compiled
          with
          [
              _Other1=int,
              _Other2=double
          ]
  h:\studing\course2\course\course\header.h(33): note: see reference to function template instantiation 'std::pair<float,float>::pair<int,double,0>(_Other1 &&,_Other2 &&) noexcept' being compiled
          with
          [
              _Other1=int,
              _Other2=double
          ]
c:\program files (x86)\microsoft visual studio\2017\community\vc\tools\msvc\14.16.27023\include\utility(173): warning C4244: 'initializing': conversion from '_Ty' to '_Ty2', possible loss of data
          with
          [
              _Ty=double
          ]
          and
          [
              _Ty2=float
          ]
c:\program files (x86)\microsoft visual studio\2017\community\vc\tools\msvc\14.16.27023\include\utility(172): warning C4244: 'initializing': conversion from '_Ty' to '_Ty1', possible loss of data
          with
          [
              _Ty=double
          ]
          and
          [
              _Ty1=float
          ]
  h:\studing\course2\course\course\header.h(39): note: see reference to function template instantiation 'std::pair<float,float>::pair<double,double,0>(_Other1 &&,_Other2 &&) noexcept' being compiled
          with
          [
              _Other1=double,
              _Other2=double
          ]
  h:\studing\course2\course\course\header.h(33): note: see reference to function template instantiation 'std::pair<float,float>::pair<double,double,0>(_Other1 &&,_Other2 &&) noexcept' being compiled
          with
          [
              _Other1=double,
              _Other2=double
          ]
c:\program files (x86)\microsoft visual studio\2017\community\vc\tools\msvc\14.16.27023\include\utility(173): warning C4244: 'initializing': conversion from '_Ty' to '_Ty2', possible loss of data
          with
          [
              _Ty=int
          ]
          and
          [
              _Ty2=float
          ]
  h:\studing\course2\course\course\header.h(47): note: see reference to function template instantiation 'std::pair<const _Kty,_Ty>::pair<const wchar_t(&)[5],int,0>(_Other1,_Other2 &&) noexcept(false)' being compiled
          with
          [
              _Kty=std::wstring,
              _Ty=float,
              _Other1=const wchar_t (&)[5],
              _Other2=int
          ]
  h:\studing\course2\course\course\header.h(41): note: see reference to function template instantiation 'std::pair<const _Kty,_Ty>::pair<const wchar_t(&)[5],int,0>(_Other1,_Other2 &&) noexcept(false)' being compiled
          with
          [
              _Kty=std::wstring,
              _Ty=float,
              _Other1=const wchar_t (&)[5],
              _Other2=int
          ]
c:\program files (x86)\microsoft visual studio\2017\community\vc\tools\msvc\14.16.27023\include\utility(240): warning C4244: 'initializing': conversion from '_Ty' to '_Ty2', possible loss of data
          with
          [
              _Ty=double
          ]
          and
          [
              _Ty2=float
          ]
  h:\studing\course2\course\course\student.cpp(137): note: see reference to function template instantiation 'std::pair<int,float>::pair<int,double,0>(std::pair<int,double> &&) noexcept' being compiled
  h:\studing\course2\course\course\student.cpp(137): note: see reference to function template instantiation 'std::pair<int,float>::pair<int,double,0>(std::pair<int,double> &&) noexcept' being compiled
c:\program files (x86)\microsoft visual studio\2017\community\vc\tools\msvc\14.16.27023\include\utility(240): warning C4244: 'initializing': conversion from '_Ty' to '_Ty2', possible loss of data
          with
          [
              _Ty=int
          ]
          and
          [
              _Ty2=float
          ]
  h:\studing\course2\course\course\student.cpp(142): note: see reference to function template instantiation 'std::pair<int,float>::pair<int,int,0>(std::pair<int,int> &&) noexcept' being compiled
  h:\studing\course2\course\course\student.cpp(142): note: see reference to function template instantiation 'std::pair<int,float>::pair<int,int,0>(std::pair<int,int> &&) noexcept' being compiled
  course.vcxproj -> H:\Studing\Course2\course\Debug\course.exe
