h:\studing\course2\course\course\debug\vc141.pdb
h:\studing\course2\course\course\debug\vc141.idb
h:\studing\course2\course\course\debug\usercontroller.obj
h:\studing\course2\course\course\debug\user.obj
h:\studing\course2\course\course\debug\student.obj
h:\studing\course2\course\course\debug\people.obj
h:\studing\course2\course\course\debug\main.obj
h:\studing\course2\course\course\debug\logincontroller.obj
h:\studing\course2\course\course\debug\encryption.obj
h:\studing\course2\course\course\debug\admincontroller.obj
h:\studing\course2\course\course\debug\admin.obj
h:\studing\course2\course\course\debug\sqlite3.obj
h:\studing\course2\course\course\debug\shell.obj
h:\studing\course2\course\debug\course.pdb
h:\studing\course2\course\course\debug\course.tlog\cl.command.1.tlog
h:\studing\course2\course\course\debug\course.tlog\cl.read.1.tlog
h:\studing\course2\course\course\debug\course.tlog\cl.write.1.tlog
h:\studing\course2\course\course\debug\course.tlog\link.15640-cvtres.read.1.tlog
h:\studing\course2\course\course\debug\course.tlog\link.15640-cvtres.write.1.tlog
h:\studing\course2\course\course\debug\course.tlog\link.15640-rc.read.1.tlog
h:\studing\course2\course\course\debug\course.tlog\link.15640-rc.write.1.tlog
h:\studing\course2\course\course\debug\course.tlog\link.15640.read.1.tlog
h:\studing\course2\course\course\debug\course.tlog\link.15640.write.1.tlog
h:\studing\course2\course\course\debug\course.tlog\link.command.1.tlog
h:\studing\course2\course\course\debug\course.tlog\link.read.1.tlog
h:\studing\course2\course\course\debug\course.tlog\link.write.1.tlog
